<?xml version="1.0" encoding="UTF-8"?>
<!-- Generated by org.testng.reporters.JUnitXMLReporter -->
<testsuite hostname="Monika" name="Default test" tests="10" failures="1" timestamp="7 Apr 2018 17:05:58 GMT" time="387.043" errors="0">
  <testcase name="Createbranch" time="13.376" classname="com.automation.testcases.gurukula.GurukulaBranchScenarios"/>
  <testcase name="Searchbranch" time="2.662" classname="com.automation.testcases.gurukula.GurukulaBranchScenarios"/>
  <testcase name="viewbranch" time="1.302" classname="com.automation.testcases.gurukula.GurukulaBranchScenarios"/>
  <testcase name="editbranch" time="10.359" classname="com.automation.testcases.gurukula.GurukulaBranchScenarios"/>
  <testcase name="deletebranch" time="2.994" classname="com.automation.testcases.gurukula.GurukulaBranchScenarios"/>
  <testcase name="CreateStaff" time="4.558" classname="com.automation.testcases.gurukula.GurkulaStaffScenarios"/>
  <testcase name="Searchstaff" time="21.722" classname="com.automation.testcases.gurukula.GurkulaStaffScenarios">
    <failure type="java.lang.AssertionError" message="expected [true] but found [false]">
      <![CDATA[java.lang.AssertionError: expected [true] but found [false]
	at org.testng.Assert.fail(Assert.java:94)
	at org.testng.Assert.failNotEquals(Assert.java:494)
	at org.testng.Assert.assertTrue(Assert.java:42)
	at org.testng.Assert.assertTrue(Assert.java:52)
	at com.automation.testcases.gurukula.GurkulaStaffScenarios.Searchstaff(GurkulaStaffScenarios.java:56)
	at sun.reflect.NativeMethodAccessorImpl.invoke0(Native Method)
	at sun.reflect.NativeMethodAccessorImpl.invoke(Unknown Source)
	at sun.reflect.DelegatingMethodAccessorImpl.invoke(Unknown Source)
	at java.lang.reflect.Method.invoke(Unknown Source)
	at org.testng.internal.MethodInvocationHelper.invokeMethod(MethodInvocationHelper.java:80)
	at org.testng.internal.Invoker.invokeMethod(Invoker.java:714)
	at org.testng.internal.Invoker.invokeTestMethod(Invoker.java:901)
	at org.testng.internal.Invoker.invokeTestMethods(Invoker.java:1231)
	at org.testng.internal.TestMethodWorker.invokeTestMethods(TestMethodWorker.java:127)
	at org.testng.internal.TestMethodWorker.run(TestMethodWorker.java:111)
	at org.testng.TestRunner.privateRun(TestRunner.java:767)
	at org.testng.TestRunner.run(TestRunner.java:617)
	at org.testng.SuiteRunner.runTest(SuiteRunner.java:334)
	at org.testng.SuiteRunner.runSequentially(SuiteRunner.java:329)
	at org.testng.SuiteRunner.privateRun(SuiteRunner.java:291)
	at org.testng.SuiteRunner.run(SuiteRunner.java:240)
	at org.testng.SuiteRunnerWorker.runSuite(SuiteRunnerWorker.java:52)
	at org.testng.SuiteRunnerWorker.run(SuiteRunnerWorker.java:86)
	at org.testng.TestNG.runSuitesSequentially(TestNG.java:1198)
	at org.testng.TestNG.runSuitesLocally(TestNG.java:1123)
	at org.testng.TestNG.run(TestNG.java:1031)
	at org.testng.remote.AbstractRemoteTestNG.run(AbstractRemoteTestNG.java:114)
	at org.testng.remote.RemoteTestNG.initAndRun(RemoteTestNG.java:251)
	at org.testng.remote.RemoteTestNG.main(RemoteTestNG.java:77)
]]>
    </failure>
  </testcase> <!-- Searchstaff -->
  <testcase name="viewstaff" time="1.394" classname="com.automation.testcases.gurukula.GurkulaStaffScenarios"/>
  <testcase name="editstaff" time="3.582" classname="com.automation.testcases.gurukula.GurkulaStaffScenarios"/>
  <testcase name="deletestaff" time="12.74" classname="com.automation.testcases.gurukula.GurkulaStaffScenarios"/>
</testsuite> <!-- Default test -->
