<?xml version="1.0" encoding="UTF-8"?>
<testng-results skipped="0" failed="1" total="10" passed="9">
  <reporter-output>
  </reporter-output>
  <suite name="Default suite" duration-ms="387043" started-at="2018-04-07T16:59:30Z" finished-at="2018-04-07T17:05:57Z">
    <groups>
    </groups>
    <test name="Default test" duration-ms="387043" started-at="2018-04-07T16:59:30Z" finished-at="2018-04-07T17:05:57Z">
      <class name="com.automation.testcases.gurukula.GurkulaStaffScenarios">
        <test-method status="PASS" signature="Createbranch()[pri:0, instance:com.automation.testcases.gurukula.GurkulaStaffScenarios@69ea3742]" name="Createbranch" is-config="true" duration-ms="28565" started-at="2018-04-07T19:02:29Z" finished-at="2018-04-07T19:02:57Z">
          <reporter-output>
          </reporter-output>
        </test-method> <!-- Createbranch -->
        <test-method status="PASS" signature="setUp()[pri:0, instance:com.automation.testcases.gurukula.GurkulaStaffScenarios@69ea3742]" name="setUp" is-config="true" duration-ms="22312" started-at="2018-04-07T19:02:57Z" finished-at="2018-04-07T19:03:19Z">
          <reporter-output>
          </reporter-output>
        </test-method> <!-- setUp -->
        <test-method status="PASS" signature="CreateStaff()[pri:0, instance:com.automation.testcases.gurukula.GurkulaStaffScenarios@69ea3742]" name="CreateStaff" duration-ms="4558" started-at="2018-04-07T19:03:19Z" finished-at="2018-04-07T19:03:24Z">
          <reporter-output>
          </reporter-output>
        </test-method> <!-- CreateStaff -->
        <test-method status="PASS" signature="tearDown()[pri:0, instance:com.automation.testcases.gurukula.GurkulaStaffScenarios@69ea3742]" name="tearDown" is-config="true" duration-ms="2327" started-at="2018-04-07T19:03:24Z" finished-at="2018-04-07T19:03:26Z">
          <reporter-output>
          </reporter-output>
        </test-method> <!-- tearDown -->
        <test-method status="PASS" signature="setUp()[pri:0, instance:com.automation.testcases.gurukula.GurkulaStaffScenarios@69ea3742]" name="setUp" is-config="true" duration-ms="24439" started-at="2018-04-07T19:03:26Z" finished-at="2018-04-07T19:03:51Z">
          <reporter-output>
          </reporter-output>
        </test-method> <!-- setUp -->
        <test-method status="FAIL" signature="Searchstaff()[pri:0, instance:com.automation.testcases.gurukula.GurkulaStaffScenarios@69ea3742]" name="Searchstaff" duration-ms="21722" started-at="2018-04-07T19:03:51Z" finished-at="2018-04-07T19:04:13Z">
          <exception class="java.lang.AssertionError">
            <message>
              <![CDATA[expected [true] but found [false]]]>
            </message>
            <full-stacktrace>
              <![CDATA[java.lang.AssertionError: expected [true] but found [false]
	at org.testng.Assert.fail(Assert.java:94)
	at org.testng.Assert.failNotEquals(Assert.java:494)
	at org.testng.Assert.assertTrue(Assert.java:42)
	at org.testng.Assert.assertTrue(Assert.java:52)
	at com.automation.testcases.gurukula.GurkulaStaffScenarios.Searchstaff(GurkulaStaffScenarios.java:56)
	at sun.reflect.NativeMethodAccessorImpl.invoke0(Native Method)
	at sun.reflect.NativeMethodAccessorImpl.invoke(Unknown Source)
	at sun.reflect.DelegatingMethodAccessorImpl.invoke(Unknown Source)
	at java.lang.reflect.Method.invoke(Unknown Source)
	at org.testng.internal.MethodInvocationHelper.invokeMethod(MethodInvocationHelper.java:80)
	at org.testng.internal.Invoker.invokeMethod(Invoker.java:714)
	at org.testng.internal.Invoker.invokeTestMethod(Invoker.java:901)
	at org.testng.internal.Invoker.invokeTestMethods(Invoker.java:1231)
	at org.testng.internal.TestMethodWorker.invokeTestMethods(TestMethodWorker.java:127)
	at org.testng.internal.TestMethodWorker.run(TestMethodWorker.java:111)
	at org.testng.TestRunner.privateRun(TestRunner.java:767)
	at org.testng.TestRunner.run(TestRunner.java:617)
	at org.testng.SuiteRunner.runTest(SuiteRunner.java:334)
	at org.testng.SuiteRunner.runSequentially(SuiteRunner.java:329)
	at org.testng.SuiteRunner.privateRun(SuiteRunner.java:291)
	at org.testng.SuiteRunner.run(SuiteRunner.java:240)
	at org.testng.SuiteRunnerWorker.runSuite(SuiteRunnerWorker.java:52)
	at org.testng.SuiteRunnerWorker.run(SuiteRunnerWorker.java:86)
	at org.testng.TestNG.runSuitesSequentially(TestNG.java:1198)
	at org.testng.TestNG.runSuitesLocally(TestNG.java:1123)
	at org.testng.TestNG.run(TestNG.java:1031)
	at org.testng.remote.AbstractRemoteTestNG.run(AbstractRemoteTestNG.java:114)
	at org.testng.remote.RemoteTestNG.initAndRun(RemoteTestNG.java:251)
	at org.testng.remote.RemoteTestNG.main(RemoteTestNG.java:77)
]]>
            </full-stacktrace>
          </exception> <!-- java.lang.AssertionError -->
          <reporter-output>
          </reporter-output>
        </test-method> <!-- Searchstaff -->
        <test-method status="PASS" signature="tearDown()[pri:0, instance:com.automation.testcases.gurukula.GurkulaStaffScenarios@69ea3742]" name="tearDown" is-config="true" duration-ms="2338" started-at="2018-04-07T19:04:13Z" finished-at="2018-04-07T19:04:15Z">
          <reporter-output>
          </reporter-output>
        </test-method> <!-- tearDown -->
        <test-method status="PASS" signature="setUp()[pri:0, instance:com.automation.testcases.gurukula.GurkulaStaffScenarios@69ea3742]" name="setUp" is-config="true" duration-ms="11421" started-at="2018-04-07T19:04:15Z" finished-at="2018-04-07T19:04:26Z">
          <reporter-output>
          </reporter-output>
        </test-method> <!-- setUp -->
        <test-method status="PASS" signature="viewstaff()[pri:0, instance:com.automation.testcases.gurukula.GurkulaStaffScenarios@69ea3742]" name="viewstaff" duration-ms="1394" started-at="2018-04-07T19:04:26Z" finished-at="2018-04-07T19:04:28Z">
          <reporter-output>
          </reporter-output>
        </test-method> <!-- viewstaff -->
        <test-method status="PASS" signature="tearDown()[pri:0, instance:com.automation.testcases.gurukula.GurkulaStaffScenarios@69ea3742]" name="tearDown" is-config="true" duration-ms="2219" started-at="2018-04-07T19:04:28Z" finished-at="2018-04-07T19:04:30Z">
          <reporter-output>
          </reporter-output>
        </test-method> <!-- tearDown -->
        <test-method status="PASS" signature="setUp()[pri:0, instance:com.automation.testcases.gurukula.GurkulaStaffScenarios@69ea3742]" name="setUp" is-config="true" duration-ms="17612" started-at="2018-04-07T19:04:30Z" finished-at="2018-04-07T19:04:48Z">
          <reporter-output>
          </reporter-output>
        </test-method> <!-- setUp -->
        <test-method status="PASS" signature="editstaff()[pri:0, instance:com.automation.testcases.gurukula.GurkulaStaffScenarios@69ea3742]" name="editstaff" duration-ms="3582" started-at="2018-04-07T19:04:48Z" finished-at="2018-04-07T19:04:51Z">
          <reporter-output>
          </reporter-output>
        </test-method> <!-- editstaff -->
        <test-method status="PASS" signature="tearDown()[pri:0, instance:com.automation.testcases.gurukula.GurkulaStaffScenarios@69ea3742]" name="tearDown" is-config="true" duration-ms="2448" started-at="2018-04-07T19:04:51Z" finished-at="2018-04-07T19:04:54Z">
          <reporter-output>
          </reporter-output>
        </test-method> <!-- tearDown -->
        <test-method status="PASS" signature="setUp()[pri:0, instance:com.automation.testcases.gurukula.GurkulaStaffScenarios@69ea3742]" name="setUp" is-config="true" duration-ms="26861" started-at="2018-04-07T19:04:54Z" finished-at="2018-04-07T19:05:20Z">
          <reporter-output>
          </reporter-output>
        </test-method> <!-- setUp -->
        <test-method status="PASS" signature="deletestaff()[pri:0, instance:com.automation.testcases.gurukula.GurkulaStaffScenarios@69ea3742]" name="deletestaff" duration-ms="12740" started-at="2018-04-07T19:05:20Z" finished-at="2018-04-07T19:05:33Z">
          <reporter-output>
          </reporter-output>
        </test-method> <!-- deletestaff -->
        <test-method status="PASS" signature="tearDown()[pri:0, instance:com.automation.testcases.gurukula.GurkulaStaffScenarios@69ea3742]" name="tearDown" is-config="true" duration-ms="2260" started-at="2018-04-07T19:05:33Z" finished-at="2018-04-07T19:05:35Z">
          <reporter-output>
          </reporter-output>
        </test-method> <!-- tearDown -->
        <test-method status="PASS" signature="Deletebranch()[pri:0, instance:com.automation.testcases.gurukula.GurkulaStaffScenarios@69ea3742]" name="Deletebranch" is-config="true" duration-ms="21882" started-at="2018-04-07T19:05:35Z" finished-at="2018-04-07T19:05:57Z">
          <reporter-output>
          </reporter-output>
        </test-method> <!-- Deletebranch -->
      </class> <!-- com.automation.testcases.gurukula.GurkulaStaffScenarios -->
      <class name="com.automation.testcases.gurukula.GurukulaBranchScenarios">
        <test-method status="PASS" signature="setUp()[pri:0, instance:com.automation.testcases.gurukula.GurukulaBranchScenarios@490ab905]" name="setUp" is-config="true" duration-ms="54379" started-at="2018-04-07T18:59:30Z" finished-at="2018-04-07T19:00:25Z">
          <reporter-output>
          </reporter-output>
        </test-method> <!-- setUp -->
        <test-method status="PASS" signature="Createbranch()[pri:0, instance:com.automation.testcases.gurukula.GurukulaBranchScenarios@490ab905]" name="Createbranch" duration-ms="13376" started-at="2018-04-07T19:00:25Z" finished-at="2018-04-07T19:00:38Z">
          <reporter-output>
          </reporter-output>
        </test-method> <!-- Createbranch -->
        <test-method status="PASS" signature="tearDown()[pri:0, instance:com.automation.testcases.gurukula.GurukulaBranchScenarios@490ab905]" name="tearDown" is-config="true" duration-ms="7912" started-at="2018-04-07T19:00:38Z" finished-at="2018-04-07T19:00:46Z">
          <reporter-output>
          </reporter-output>
        </test-method> <!-- tearDown -->
        <test-method status="PASS" signature="setUp()[pri:0, instance:com.automation.testcases.gurukula.GurukulaBranchScenarios@490ab905]" name="setUp" is-config="true" duration-ms="15598" started-at="2018-04-07T19:00:46Z" finished-at="2018-04-07T19:01:02Z">
          <reporter-output>
          </reporter-output>
        </test-method> <!-- setUp -->
        <test-method status="PASS" signature="Searchbranch()[pri:0, instance:com.automation.testcases.gurukula.GurukulaBranchScenarios@490ab905]" name="Searchbranch" duration-ms="2662" started-at="2018-04-07T19:01:02Z" finished-at="2018-04-07T19:01:04Z">
          <reporter-output>
          </reporter-output>
        </test-method> <!-- Searchbranch -->
        <test-method status="PASS" signature="tearDown()[pri:0, instance:com.automation.testcases.gurukula.GurukulaBranchScenarios@490ab905]" name="tearDown" is-config="true" duration-ms="6598" started-at="2018-04-07T19:01:04Z" finished-at="2018-04-07T19:01:11Z">
          <reporter-output>
          </reporter-output>
        </test-method> <!-- tearDown -->
        <test-method status="PASS" signature="setUp()[pri:0, instance:com.automation.testcases.gurukula.GurukulaBranchScenarios@490ab905]" name="setUp" is-config="true" duration-ms="19877" started-at="2018-04-07T19:01:11Z" finished-at="2018-04-07T19:01:31Z">
          <reporter-output>
          </reporter-output>
        </test-method> <!-- setUp -->
        <test-method status="PASS" signature="viewbranch()[pri:0, instance:com.automation.testcases.gurukula.GurukulaBranchScenarios@490ab905]" name="viewbranch" duration-ms="1302" started-at="2018-04-07T19:01:31Z" finished-at="2018-04-07T19:01:32Z">
          <reporter-output>
          </reporter-output>
        </test-method> <!-- viewbranch -->
        <test-method status="PASS" signature="tearDown()[pri:0, instance:com.automation.testcases.gurukula.GurukulaBranchScenarios@490ab905]" name="tearDown" is-config="true" duration-ms="2402" started-at="2018-04-07T19:01:32Z" finished-at="2018-04-07T19:01:34Z">
          <reporter-output>
          </reporter-output>
        </test-method> <!-- tearDown -->
        <test-method status="PASS" signature="setUp()[pri:0, instance:com.automation.testcases.gurukula.GurukulaBranchScenarios@490ab905]" name="setUp" is-config="true" duration-ms="16012" started-at="2018-04-07T19:01:34Z" finished-at="2018-04-07T19:01:50Z">
          <reporter-output>
          </reporter-output>
        </test-method> <!-- setUp -->
        <test-method status="PASS" signature="editbranch()[pri:0, instance:com.automation.testcases.gurukula.GurukulaBranchScenarios@490ab905]" name="editbranch" duration-ms="10359" started-at="2018-04-07T19:01:50Z" finished-at="2018-04-07T19:02:01Z">
          <reporter-output>
          </reporter-output>
        </test-method> <!-- editbranch -->
        <test-method status="PASS" signature="tearDown()[pri:0, instance:com.automation.testcases.gurukula.GurukulaBranchScenarios@490ab905]" name="tearDown" is-config="true" duration-ms="2533" started-at="2018-04-07T19:02:01Z" finished-at="2018-04-07T19:02:03Z">
          <reporter-output>
          </reporter-output>
        </test-method> <!-- tearDown -->
        <test-method status="PASS" signature="setUp()[pri:0, instance:com.automation.testcases.gurukula.GurukulaBranchScenarios@490ab905]" name="setUp" is-config="true" duration-ms="19037" started-at="2018-04-07T19:02:03Z" finished-at="2018-04-07T19:02:22Z">
          <reporter-output>
          </reporter-output>
        </test-method> <!-- setUp -->
        <test-method status="PASS" signature="deletebranch()[pri:0, instance:com.automation.testcases.gurukula.GurukulaBranchScenarios@490ab905]" name="deletebranch" duration-ms="2994" started-at="2018-04-07T19:02:22Z" finished-at="2018-04-07T19:02:25Z">
          <reporter-output>
          </reporter-output>
        </test-method> <!-- deletebranch -->
        <test-method status="PASS" signature="tearDown()[pri:0, instance:com.automation.testcases.gurukula.GurukulaBranchScenarios@490ab905]" name="tearDown" is-config="true" duration-ms="3204" started-at="2018-04-07T19:02:25Z" finished-at="2018-04-07T19:02:29Z">
          <reporter-output>
          </reporter-output>
        </test-method> <!-- tearDown -->
      </class> <!-- com.automation.testcases.gurukula.GurukulaBranchScenarios -->
    </test> <!-- Default test -->
  </suite> <!-- Default suite -->
</testng-results>
